
==========
== CUDA ==
==========

CUDA Version 12.8.1

Container image Copyright (c) 2016-2023, NVIDIA CORPORATION & AFFILIATES. All rights reserved.

This container image and its contents are governed by the NVIDIA Deep Learning Container License.
By pulling and using the container, you accept the terms and conditions of this license:
https://developer.nvidia.com/ngc/nvidia-deep-learning-container-license

A copy of this license is made available in this container at /NGC-DL-CONTAINER-LICENSE for your convenience.

BUILD OK
=== Phase A: eager finalize enc_out decode-continuation (4 rows) ===
  row0 drop=0 emitted_gt0=0 enc_len=7 tokens=0: finalize_ref=PASS nemo=PASS FORK_ASSERT=PASS
  row1 drop=2 emitted_gt0=1 enc_len=7 tokens=47: finalize_ref=PASS nemo=PASS FORK_ASSERT=PASS
  row2 drop=2 emitted_gt0=1 enc_len=5 tokens=66: finalize_ref=PASS nemo=PASS FORK_ASSERT=PASS
  row3 drop=2 emitted_gt0=1 enc_len=5 tokens=74: finalize_ref=PASS nemo=PASS FORK_ASSERT=PASS
=== Phase B: AOTI finalize encoder buckets + decode-continuation (32 buckets) ===
  manifest verified: 32 buckets, weights_sha256=5690023b45bd9ca36a65344a2eac3ca3a77e6c6ebe868faf6c3d47f81f9b2c27
  loaded shared constants: 637 primary FQN entries from /work/proj-2026-05-24-from-scratch-runtime/runtime/artifacts/finalize_shared_weights.ts
  bucket drop=0 T=34: loaded 637 constants (direct=637 alias_fallback=0) -> /work/proj-2026-05-24-from-scratch-runtime/runtime/artifacts/stripped_finalize_buckets/enc_finalize_d0_T34.pt2
  bucket drop=0 T=35: loaded 637 constants (direct=637 alias_fallback=0) -> /work/proj-2026-05-24-from-scratch-runtime/runtime/artifacts/stripped_finalize_buckets/enc_finalize_d0_T35.pt2
  bucket drop=0 T=36: loaded 637 constants (direct=637 alias_fallback=0) -> /work/proj-2026-05-24-from-scratch-runtime/runtime/artifacts/stripped_finalize_buckets/enc_finalize_d0_T36.pt2
  bucket drop=0 T=37: loaded 637 constants (direct=637 alias_fallback=0) -> /work/proj-2026-05-24-from-scratch-runtime/runtime/artifacts/stripped_finalize_buckets/enc_finalize_d0_T37.pt2
  bucket drop=0 T=38: loaded 637 constants (direct=637 alias_fallback=0) -> /work/proj-2026-05-24-from-scratch-runtime/runtime/artifacts/stripped_finalize_buckets/enc_finalize_d0_T38.pt2
  bucket drop=0 T=39: loaded 637 constants (direct=637 alias_fallback=0) -> /work/proj-2026-05-24-from-scratch-runtime/runtime/artifacts/stripped_finalize_buckets/enc_finalize_d0_T39.pt2
  bucket drop=0 T=40: loaded 637 constants (direct=637 alias_fallback=0) -> /work/proj-2026-05-24-from-scratch-runtime/runtime/artifacts/stripped_finalize_buckets/enc_finalize_d0_T40.pt2
  bucket drop=0 T=41: loaded 637 constants (direct=637 alias_fallback=0) -> /work/proj-2026-05-24-from-scratch-runtime/runtime/artifacts/stripped_finalize_buckets/enc_finalize_d0_T41.pt2
  bucket drop=0 T=42: loaded 637 constants (direct=637 alias_fallback=0) -> /work/proj-2026-05-24-from-scratch-runtime/runtime/artifacts/stripped_finalize_buckets/enc_finalize_d0_T42.pt2
  bucket drop=0 T=43: loaded 637 constants (direct=637 alias_fallback=0) -> /work/proj-2026-05-24-from-scratch-runtime/runtime/artifacts/stripped_finalize_buckets/enc_finalize_d0_T43.pt2
  bucket drop=0 T=44: loaded 637 constants (direct=637 alias_fallback=0) -> /work/proj-2026-05-24-from-scratch-runtime/runtime/artifacts/stripped_finalize_buckets/enc_finalize_d0_T44.pt2
  bucket drop=0 T=45: loaded 637 constants (direct=637 alias_fallback=0) -> /work/proj-2026-05-24-from-scratch-runtime/runtime/artifacts/stripped_finalize_buckets/enc_finalize_d0_T45.pt2
  bucket drop=0 T=46: loaded 637 constants (direct=637 alias_fallback=0) -> /work/proj-2026-05-24-from-scratch-runtime/runtime/artifacts/stripped_finalize_buckets/enc_finalize_d0_T46.pt2
  bucket drop=0 T=47: loaded 637 constants (direct=637 alias_fallback=0) -> /work/proj-2026-05-24-from-scratch-runtime/runtime/artifacts/stripped_finalize_buckets/enc_finalize_d0_T47.pt2
  bucket drop=0 T=48: loaded 637 constants (direct=637 alias_fallback=0) -> /work/proj-2026-05-24-from-scratch-runtime/runtime/artifacts/stripped_finalize_buckets/enc_finalize_d0_T48.pt2
  bucket drop=0 T=49: loaded 637 constants (direct=637 alias_fallback=0) -> /work/proj-2026-05-24-from-scratch-runtime/runtime/artifacts/stripped_finalize_buckets/enc_finalize_d0_T49.pt2
  bucket drop=2 T=43: loaded 637 constants (direct=637 alias_fallback=0) -> /work/proj-2026-05-24-from-scratch-runtime/runtime/artifacts/stripped_finalize_buckets/enc_finalize_d2_T43.pt2
  bucket drop=2 T=44: loaded 637 constants (direct=637 alias_fallback=0) -> /work/proj-2026-05-24-from-scratch-runtime/runtime/artifacts/stripped_finalize_buckets/enc_finalize_d2_T44.pt2
  bucket drop=2 T=45: loaded 637 constants (direct=637 alias_fallback=0) -> /work/proj-2026-05-24-from-scratch-runtime/runtime/artifacts/stripped_finalize_buckets/enc_finalize_d2_T45.pt2
  bucket drop=2 T=46: loaded 637 constants (direct=637 alias_fallback=0) -> /work/proj-2026-05-24-from-scratch-runtime/runtime/artifacts/stripped_finalize_buckets/enc_finalize_d2_T46.pt2
  bucket drop=2 T=47: loaded 637 constants (direct=637 alias_fallback=0) -> /work/proj-2026-05-24-from-scratch-runtime/runtime/artifacts/stripped_finalize_buckets/enc_finalize_d2_T47.pt2
  bucket drop=2 T=48: loaded 637 constants (direct=637 alias_fallback=0) -> /work/proj-2026-05-24-from-scratch-runtime/runtime/artifacts/stripped_finalize_buckets/enc_finalize_d2_T48.pt2
  bucket drop=2 T=49: loaded 637 constants (direct=637 alias_fallback=0) -> /work/proj-2026-05-24-from-scratch-runtime/runtime/artifacts/stripped_finalize_buckets/enc_finalize_d2_T49.pt2
  bucket drop=2 T=50: loaded 637 constants (direct=637 alias_fallback=0) -> /work/proj-2026-05-24-from-scratch-runtime/runtime/artifacts/stripped_finalize_buckets/enc_finalize_d2_T50.pt2
  bucket drop=2 T=51: loaded 637 constants (direct=637 alias_fallback=0) -> /work/proj-2026-05-24-from-scratch-runtime/runtime/artifacts/stripped_finalize_buckets/enc_finalize_d2_T51.pt2
  bucket drop=2 T=52: loaded 637 constants (direct=637 alias_fallback=0) -> /work/proj-2026-05-24-from-scratch-runtime/runtime/artifacts/stripped_finalize_buckets/enc_finalize_d2_T52.pt2
  bucket drop=2 T=53: loaded 637 constants (direct=637 alias_fallback=0) -> /work/proj-2026-05-24-from-scratch-runtime/runtime/artifacts/stripped_finalize_buckets/enc_finalize_d2_T53.pt2
  bucket drop=2 T=54: loaded 637 constants (direct=637 alias_fallback=0) -> /work/proj-2026-05-24-from-scratch-runtime/runtime/artifacts/stripped_finalize_buckets/enc_finalize_d2_T54.pt2
  bucket drop=2 T=55: loaded 637 constants (direct=637 alias_fallback=0) -> /work/proj-2026-05-24-from-scratch-runtime/runtime/artifacts/stripped_finalize_buckets/enc_finalize_d2_T55.pt2
  bucket drop=2 T=56: loaded 637 constants (direct=637 alias_fallback=0) -> /work/proj-2026-05-24-from-scratch-runtime/runtime/artifacts/stripped_finalize_buckets/enc_finalize_d2_T56.pt2
  bucket drop=2 T=57: loaded 637 constants (direct=637 alias_fallback=0) -> /work/proj-2026-05-24-from-scratch-runtime/runtime/artifacts/stripped_finalize_buckets/enc_finalize_d2_T57.pt2
  bucket drop=2 T=58: loaded 637 constants (direct=637 alias_fallback=0) -> /work/proj-2026-05-24-from-scratch-runtime/runtime/artifacts/stripped_finalize_buckets/enc_finalize_d2_T58.pt2
  row0 drop=0 T=49 tokens=0: finalize_ref=PASS nemo=PASS FORK_ASSERT=PASS
  row1 drop=2 T=58 tokens=47: finalize_ref=PASS nemo=PASS FORK_ASSERT=PASS
  row2 drop=2 T=44 tokens=66: finalize_ref=PASS nemo=PASS FORK_ASSERT=PASS
  row3 drop=2 T=45 tokens=74: finalize_ref=PASS nemo=PASS FORK_ASSERT=PASS
=== FINALIZE PASS: PhaseA=PASS PhaseB=PASS ===
