/home/khkramer/src/parakeet/venv/lib/python3.12/site-packages/torch/cuda/__init__.py:63: FutureWarning: The pynvml package is deprecated. Please install nvidia-ml-py instead. If you did not install pynvml directly, please report this to the maintainers of the package that installed pynvml for you.
  import pynvml  # type: ignore[import]
MATCH utt=0 sample=0 id=6744343e-ef8c-3154-50a2-5ad464c723bc events=10/10 final=True elapsed=0.24s
MATCH utt=1 sample=1 id=0a2570b5-668a-ea08-0546-1db4e518482f events=8/8 final=True elapsed=0.22s
MATCH utt=2 sample=2 id=e02b3cc7-0a8d-83d6-85a4-1f3240b18e47 events=38/38 final=True elapsed=0.84s
MATCH utt=3 sample=3 id=739f778d-e8e2-be4f-3fe6-015adcac4682 events=39/39 final=True elapsed=1.05s
MATCH utt=4 sample=4 id=e820357c-d0b5-11dd-6085-7c8a73e9d335 events=26/26 final=True elapsed=0.69s
MATCH utt=5 sample=5 id=ab216e4a-b927-b6c1-393c-2abf4f2bd5b5 events=3/3 final=True elapsed=0.16s
MATCH utt=6 sample=6 id=b980f45a-7289-f63f-0923-2fe102deb8c2 events=15/15 final=True elapsed=0.48s
MATCH utt=7 sample=7 id=03fdf223-366c-280d-ac70-3be5555afb6a events=35/35 final=True elapsed=0.77s
MATCH utt=8 sample=8 id=d1756da4-a19b-ed98-915b-ddefe9eb6ab0 events=29/29 final=True elapsed=0.59s
MATCH utt=9 sample=9 id=bcdf094b-6bc3-e5eb-e041-01a8de913e32 events=36/36 final=True elapsed=0.70s
MATCH utt=10 sample=10 id=f1069e64-44c8-9fd5-d54e-f03567582f63 events=11/11 final=True elapsed=0.28s
MATCH utt=11 sample=11 id=c2cbcd7e-2ffa-3b46-f088-204d8898e2c5 events=36/36 final=True elapsed=0.67s
MATCH utt=12 sample=12 id=89975396-e899-57de-9534-d71d04867968 events=20/20 final=True elapsed=0.54s
MATCH utt=13 sample=13 id=b7cfd836-2867-09f5-77e1-264b76b4452b events=39/39 final=True elapsed=0.78s
MATCH utt=14 sample=14 id=b3882761-3cab-d5b2-30e0-5588aa172d90 events=28/28 final=True elapsed=0.68s
MATCH utt=15 sample=15 id=989bf9c5-b087-994b-3b65-ff2dd43a5b00 events=31/31 final=True elapsed=0.60s
FINAL_MATCH utt=16 sample=16 id=9eba9131-2cf8-873d-9dc3-207ad8276555 events=43/44 final=True elapsed=0.92s
MATCH utt=17 sample=17 id=b35e06ae-28f5-8498-8d1e-244dc02d1671 events=17/17 final=True elapsed=0.28s
MATCH utt=18 sample=18 id=84ec1ac6-fe87-1b5d-63f1-c3ddf79fe444 events=38/38 final=True elapsed=0.78s
MATCH utt=19 sample=19 id=9ee9d60f-f794-36f2-cc7b-53bfb396ef1d events=45/45 final=True elapsed=1.02s
MATCH utt=20 sample=20 id=b2bcbc48-b1ae-339e-2285-0ffdf5189ef1 events=41/41 final=True elapsed=0.98s
MATCH utt=21 sample=21 id=b5a2b5af-7691-56b7-24ee-30eff4527439 events=11/11 final=True elapsed=0.25s
MATCH utt=22 sample=22 id=356d3518-21f9-a281-9ed9-fa950f81d8fc events=11/11 final=True elapsed=0.22s
MATCH utt=23 sample=23 id=8facde28-4202-7470-0814-fa34f0ca84a5 events=14/14 final=True elapsed=0.29s
FINAL_MATCH utt=24 sample=24 id=4484a2a0-a854-cd3f-74ef-75c7231b39b8 events=31/32 final=True elapsed=0.82s
MATCH utt=25 sample=25 id=fbe7161c-ac49-4909-1608-3a32179341f3 events=17/17 final=True elapsed=0.49s
MATCH utt=26 sample=26 id=152f8aa9-5d91-31c0-60ca-0d6c68261e13 events=32/32 final=True elapsed=0.67s
MATCH utt=27 sample=27 id=937c1bf8-4857-71dc-c05f-dfe0a21b65ca events=22/22 final=True elapsed=0.46s
MATCH utt=28 sample=28 id=9c6b0b65-af07-75c7-e6de-757bd7dbf775 events=35/35 final=True elapsed=0.76s
MATCH utt=29 sample=29 id=00491bfc-a029-ee29-4523-f34805aadffa events=41/41 final=True elapsed=0.85s
FINAL_MATCH utt=30 sample=30 id=ca46319c-e790-a8f6-4793-7ab542a6d95d events=11/12 final=True elapsed=0.31s
MATCH utt=31 sample=31 id=930905b6-467c-3098-c100-7d08467961ea events=33/33 final=True elapsed=0.81s
MATCH utt=32 sample=32 id=cf7edb90-0103-9853-b160-b81f7fc90fc0 events=36/36 final=True elapsed=0.88s
MATCH utt=33 sample=33 id=b5659356-af58-8088-4790-edeb85fd3295 events=33/33 final=True elapsed=0.97s
MATCH utt=34 sample=34 id=60590679-1bb1-0cd7-32a9-c3f21c7b5d05 events=39/39 final=True elapsed=0.84s
MATCH utt=35 sample=35 id=7ee2a3d0-efec-f5b8-95b7-0ae338ae836e events=35/35 final=True elapsed=0.89s
FINAL_MATCH utt=36 sample=36 id=4b4d7013-00b1-742e-299a-1b22dab617ee events=28/28 final=True elapsed=0.63s
FINAL_MATCH utt=37 sample=37 id=d2c8f37f-bd28-ab2b-9410-2bb395a83beb events=41/41 final=True elapsed=0.88s
MATCH utt=38 sample=38 id=381eb51f-21fb-8b09-ef66-a8937b11d74d events=32/32 final=True elapsed=0.65s
MATCH utt=39 sample=39 id=fa27c85b-1af0-ee7b-53eb-bd4400090f4d events=37/37 final=True elapsed=0.86s
MATCH utt=40 sample=40 id=75eb8a99-8eef-d824-2020-c77a9296c82a events=12/12 final=True elapsed=0.26s
MATCH utt=41 sample=41 id=da66feba-9052-77a3-3334-8cc99533b59a events=11/11 final=True elapsed=0.29s
MATCH utt=42 sample=42 id=58fac144-68f5-2aec-75f2-39337afa1447 events=41/41 final=True elapsed=0.91s
MATCH utt=43 sample=43 id=d74099f5-f4ea-bbdc-e351-fcf28c6f36b2 events=24/24 final=True elapsed=0.62s
MATCH utt=44 sample=44 id=11106a5e-866c-8715-4dc7-a66377614523 events=1/1 final=True elapsed=0.12s
MATCH utt=45 sample=45 id=7da21afd-7e50-50d8-1b15-2a77863725b5 events=12/12 final=True elapsed=0.25s
MATCH utt=46 sample=46 id=aac8759a-3cdf-8839-335d-5a185768e6c4 events=35/35 final=True elapsed=0.80s
MATCH utt=47 sample=47 id=778871eb-de6e-3f41-8f5b-c3827d11733b events=7/7 final=True elapsed=0.23s
MATCH utt=48 sample=48 id=47ab8b1c-9dc9-88b1-153e-f33553a906ec events=31/31 final=True elapsed=0.67s
MATCH utt=49 sample=49 id=c1d2b848-0f79-52cb-d917-367ae9fed45c events=40/40 final=True elapsed=0.93s
MATCH utt=50 sample=50 id=a020da8a-0e80-3e7e-b386-89e12341af75 events=11/11 final=True elapsed=0.25s
MATCH utt=51 sample=51 id=986b5956-3f3c-433f-6504-aa534cff161e events=33/33 final=True elapsed=0.76s
MATCH utt=52 sample=52 id=759e278d-2d5f-dd75-9738-ec0555bbcfb1 events=33/33 final=True elapsed=0.88s
MATCH utt=53 sample=53 id=e6cf18ae-d491-e98a-1f3e-7c6032b3d83e events=35/35 final=True elapsed=0.79s
MATCH utt=54 sample=54 id=4b7a080d-1731-4a93-e876-2f7c242877b8 events=34/34 final=True elapsed=0.76s
MATCH utt=55 sample=55 id=0c5e8fd6-3c3e-c97e-74c9-a90743d923e8 events=37/37 final=True elapsed=1.01s
MATCH utt=56 sample=56 id=f5ced402-3d40-8a78-7fa7-6fa51724046d events=39/39 final=True elapsed=0.75s
MATCH utt=57 sample=57 id=3b32a135-8f1d-e811-c441-de5e5026617b events=36/36 final=True elapsed=1.01s
MATCH utt=58 sample=58 id=2393dc9d-a670-9868-1e24-96bbde760eba events=8/8 final=True elapsed=0.19s
MATCH utt=59 sample=59 id=80644538-fa3c-4f76-3f90-eff8ce0695d2 events=18/18 final=True elapsed=0.49s
MATCH utt=60 sample=60 id=669963c2-85d0-d997-6988-b1d0ea46b047 events=37/37 final=True elapsed=0.77s
FINAL_MATCH utt=61 sample=61 id=ea7cd5dd-7c2d-8e30-9bb4-348f4a199080 events=36/35 final=True elapsed=0.76s
MATCH utt=62 sample=62 id=9e911f0d-f574-2970-3da1-7560a381d08f events=36/36 final=True elapsed=0.94s
MATCH utt=63 sample=63 id=ddcfaf85-f15a-1908-3660-c43260ecc5aa events=34/34 final=True elapsed=0.68s
wrote summary: /home/khkramer/src/nemotron-january-2026/proj-2026-05-24-from-scratch-runtime/runtime/artifacts/logs/step6_server_oracle_20260526T073222Z.summary.json
wrote events: /home/khkramer/src/nemotron-january-2026/proj-2026-05-24-from-scratch-runtime/runtime/artifacts/logs/step6_server_oracle_20260526T073222Z.events.jsonl
wrote server log: /home/khkramer/src/nemotron-january-2026/proj-2026-05-24-from-scratch-runtime/runtime/artifacts/logs/step6_server_oracle_20260526T073222Z.server.log
